<?xml version="1.0" encoding="UTF-8"?>
<robot generator="Robot 3.2.2 (Python 3.9.0 on win32)" generated="20201019 02:45:10.931" rpa="false">
<suite id="s1" name="GoogleCookieConsent" source="C:\Users\Administrator\eclipse-workspace\GoogleCookieConsent">
<suite id="s1-s1" name="AcceptCookie" source="C:\Users\Administrator\eclipse-workspace\GoogleCookieConsent\AcceptCookie.robot">
<test id="s1-s1-t1" name="Search on Google">
<kw name="Opening google website and accept cookie" library="CommonKeywords">
<kw name="Open Browser" library="SeleniumLibrary">
<doc>Opens a new browser instance to the optional ``url``.</doc>
<arguments>
<arg>https://google.com</arg>
<arg>chrome</arg>
</arguments>
<msg timestamp="20201019 02:45:11.216" level="INFO">Opening browser 'chrome' to base url 'https://google.com'.</msg>
<status status="PASS" starttime="20201019 02:45:11.216" endtime="20201019 02:45:15.610"></status>
</kw>
<kw name="Select Frame" library="SeleniumLibrary">
<doc>Sets frame identified by ``locator`` as the current frame.</doc>
<arguments>
<arg>xpath://*[@id="cnsw"]/iframe</arg>
</arguments>
<msg timestamp="20201019 02:45:15.613" level="INFO">Selecting frame 'xpath://*[@id="cnsw"]/iframe'.</msg>
<status status="PASS" starttime="20201019 02:45:15.611" endtime="20201019 02:45:15.676"></status>
</kw>
<kw name="Submit Form" library="SeleniumLibrary">
<doc>Submits a form identified by ``locator``.</doc>
<msg timestamp="20201019 02:45:15.676" level="INFO">Submitting form 'None'.</msg>
<status status="PASS" starttime="20201019 02:45:15.676" endtime="20201019 02:45:16.093"></status>
</kw>
<kw name="Execute Manual Step" library="Dialogs">
<doc>Pauses test execution until user sets the keyword status.</doc>
<arguments>
<arg>Deseja conluir o</arg>
</arguments>
<status status="PASS" starttime="20201019 02:45:16.094" endtime="20201019 02:45:17.927"></status>
</kw>
<status status="PASS" starttime="20201019 02:45:11.215" endtime="20201019 02:45:17.928"></status>
</kw>
<status status="PASS" starttime="20201019 02:45:11.213" endtime="20201019 02:45:17.928" critical="yes"></status>
</test>
<kw name="Close All Browsers" library="SeleniumLibrary" type="teardown">
<doc>Closes all open browsers and resets the browser cache.</doc>
<status status="PASS" starttime="20201019 02:45:17.930" endtime="20201019 02:45:21.055"></status>
</kw>
<doc>This is a Template to Tests that needs to search something on google.com
Created by Arthur Stumpf</doc>
<status status="PASS" starttime="20201019 02:45:11.011" endtime="20201019 02:45:21.056"></status>
</suite>
<status status="PASS" starttime="20201019 02:45:10.977" endtime="20201019 02:45:21.058"></status>
</suite>
<statistics>
<total>
<stat pass="1" fail="0">Critical Tests</stat>
<stat pass="1" fail="0">All Tests</stat>
</total>
<tag>
</tag>
<suite>
<stat pass="1" fail="0" id="s1" name="GoogleCookieConsent">GoogleCookieConsent</stat>
<stat pass="1" fail="0" id="s1-s1" name="AcceptCookie">GoogleCookieConsent.AcceptCookie</stat>
</suite>
</statistics>
<errors>
</errors>
</robot>
